  Perlin Noise Terrain gen.cpp
D:\Perlin-Noise-Terrain-Generation\Perlin Noise Terrain gen\LSystem.h(4,10): warning C4067: unexpected tokens following preprocessor directive - expected a newline
D:\Perlin-Noise-Terrain-Generation\Perlin Noise Terrain gen\Variables.h(6,28): warning C4228: nonstandard extension used: qualifiers after comma in declarator list are ignored
D:\Perlin-Noise-Terrain-Generation\Perlin Noise Terrain gen\Variables.h(7,29): warning C4228: nonstandard extension used: qualifiers after comma in declarator list are ignored
D:\Perlin-Noise-Terrain-Generation\Perlin Noise Terrain gen\RoadManager.h(70,14): warning C4244: 'return': conversion from 'double' to 'float', possible loss of data
D:\Perlin-Noise-Terrain-Generation\Perlin Noise Terrain gen\RoadManager.h(75,10): warning C4244: 'initializing': conversion from 'T' to 'int', possible loss of data
          with
          [
              T=float
          ]
D:\Perlin-Noise-Terrain-Generation\Perlin Noise Terrain gen\RoadManager.h(75,25): warning C4244: 'initializing': conversion from 'T' to 'int', possible loss of data
          with
          [
              T=float
          ]
D:\Perlin-Noise-Terrain-Generation\Perlin Noise Terrain gen\RoadManager.h(75,40): warning C4244: 'initializing': conversion from 'T' to 'int', possible loss of data
          with
          [
              T=float
          ]
D:\Perlin-Noise-Terrain-Generation\Perlin Noise Terrain gen\RoadManager.h(75,55): warning C4244: 'initializing': conversion from 'T' to 'int', possible loss of data
          with
          [
              T=float
          ]
D:\Perlin-Noise-Terrain-Generation\Perlin Noise Terrain gen\RoadManager.h(77,14): warning C4244: 'return': conversion from 'double' to 'float', possible loss of data
D:\Perlin-Noise-Terrain-Generation\Perlin Noise Terrain gen\BuildingsManager.h(107,26): warning C4244: '=': conversion from 'float' to 'int', possible loss of data
D:\Perlin-Noise-Terrain-Generation\Perlin Noise Terrain gen\BuildingsManager.h(132,17): warning C4244: 'return': conversion from 'double' to 'float', possible loss of data
D:\Perlin-Noise-Terrain-Generation\Perlin Noise Terrain gen\BuildingsManager.h(136,69): warning C4244: 'argument': conversion from 'T' to 'int', possible loss of data
          with
          [
              T=float
          ]
D:\Perlin-Noise-Terrain-Generation\Perlin Noise Terrain gen\BuildingsManager.h(136,56): warning C4244: 'argument': conversion from 'T' to 'int', possible loss of data
          with
          [
              T=float
          ]
D:\Perlin-Noise-Terrain-Generation\Perlin Noise Terrain gen\BuildingsManager.h(136,43): warning C4244: 'argument': conversion from 'T' to 'int', possible loss of data
          with
          [
              T=float
          ]
D:\Perlin-Noise-Terrain-Generation\Perlin Noise Terrain gen\BuildingsManager.h(136,30): warning C4244: 'argument': conversion from 'T' to 'int', possible loss of data
          with
          [
              T=float
          ]
D:\Perlin-Noise-Terrain-Generation\Perlin Noise Terrain gen\Perlin Noise Terrain gen.cpp(9,19): warning C4244: 'return': conversion from 'float' to 'int', possible loss of data
D:\Perlin-Noise-Terrain-Generation\Perlin Noise Terrain gen\Perlin Noise Terrain gen.cpp(14,23): warning C4018: '<': signed/unsigned mismatch
D:\Perlin-Noise-Terrain-Generation\Perlin Noise Terrain gen\Perlin Noise Terrain gen.cpp(16,52): warning C4244: 'argument': conversion from '_Ty' to 'float', possible loss of data
          with
          [
              _Ty=double
          ]
D:\Perlin-Noise-Terrain-Generation\Perlin Noise Terrain gen\Perlin Noise Terrain gen.cpp(65,15): warning C4244: 'argument': conversion from 'time_t' to 'unsigned int', possible loss of data
D:\Perlin-Noise-Terrain-Generation\Perlin Noise Terrain gen\Perlin Noise Terrain gen.cpp(163,74): warning C4244: 'argument': conversion from 'int' to 'T', possible loss of data
          with
          [
              T=float
          ]
D:\Perlin-Noise-Terrain-Generation\Perlin Noise Terrain gen\Perlin Noise Terrain gen.cpp(163,59): warning C4244: 'argument': conversion from 'int' to 'T', possible loss of data
          with
          [
              T=float
          ]
D:\Perlin-Noise-Terrain-Generation\Perlin Noise Terrain gen\Perlin Noise Terrain gen.cpp(333,40): warning C4018: '>': signed/unsigned mismatch
D:\Perlin-Noise-Terrain-Generation\Perlin Noise Terrain gen\Perlin Noise Terrain gen.cpp(345,135): warning C4244: 'argument': conversion from 'T' to 'T', possible loss of data
          with
          [
              T=float
          ]
          and
          [
              T=int
          ]
D:\Perlin-Noise-Terrain-Generation\Perlin Noise Terrain gen\Perlin Noise Terrain gen.cpp(345,93): warning C4244: 'argument': conversion from 'T' to 'T', possible loss of data
          with
          [
              T=float
          ]
          and
          [
              T=int
          ]
D:\Perlin-Noise-Terrain-Generation\Perlin Noise Terrain gen\Perlin Noise Terrain gen.cpp(351,42): warning C4018: '<': signed/unsigned mismatch
D:\Perlin-Noise-Terrain-Generation\Perlin Noise Terrain gen\Perlin Noise Terrain gen.cpp(382,44): warning C4018: '>': signed/unsigned mismatch
D:\Perlin-Noise-Terrain-Generation\Perlin Noise Terrain gen\Perlin Noise Terrain gen.cpp(391,139): warning C4244: 'argument': conversion from 'T' to 'T', possible loss of data
          with
          [
              T=float
          ]
          and
          [
              T=int
          ]
D:\Perlin-Noise-Terrain-Generation\Perlin Noise Terrain gen\Perlin Noise Terrain gen.cpp(391,97): warning C4244: 'argument': conversion from 'T' to 'T', possible loss of data
          with
          [
              T=float
          ]
          and
          [
              T=int
          ]
D:\Perlin-Noise-Terrain-Generation\Perlin Noise Terrain gen\Perlin Noise Terrain gen.cpp(396,46): warning C4018: '<': signed/unsigned mismatch
D:\Perlin-Noise-Terrain-Generation\Perlin Noise Terrain gen\Perlin Noise Terrain gen.cpp(145,15): warning C4101: 'mouseRef': unreferenced local variable
  Perlin Noise Terrain gen.vcxproj -> D:\Perlin-Noise-Terrain-Generation\Debug\Perlin Noise Terrain gen.exe
