  imgui.cpp
D:\Perlin-Noise-Terrain-Generation\Perlin Noise Terrain gen\imGui\imconfig-SFML.h(3,10): fatal  error C1083: Cannot open include file: 'SFML/Graphics/Color.hpp': No such file or directory
  imgui_draw.cpp
D:\Perlin-Noise-Terrain-Generation\Perlin Noise Terrain gen\imGui\imconfig-SFML.h(3,10): fatal  error C1083: Cannot open include file: 'SFML/Graphics/Color.hpp': No such file or directory
  imgui_tables.cpp
D:\Perlin-Noise-Terrain-Generation\Perlin Noise Terrain gen\imGui\imconfig-SFML.h(3,10): fatal  error C1083: Cannot open include file: 'SFML/Graphics/Color.hpp': No such file or directory
  imgui_widgets.cpp
D:\Perlin-Noise-Terrain-Generation\Perlin Noise Terrain gen\imGui\imconfig-SFML.h(3,10): fatal  error C1083: Cannot open include file: 'SFML/Graphics/Color.hpp': No such file or directory
  LSystem.cpp
D:\Perlin-Noise-Terrain-Generation\Perlin Noise Terrain gen\LSystem.h(4,10): warning C4067: unexpected tokens following preprocessor directive - expected a newline
  Perlin Noise Terrain gen.cpp
D:\Perlin-Noise-Terrain-Generation\Perlin Noise Terrain gen\LSystem.h(4,10): warning C4067: unexpected tokens following preprocessor directive - expected a newline
D:\Perlin-Noise-Terrain-Generation\Perlin Noise Terrain gen\PerlinNoise.h(6,10): fatal  error C1083: Cannot open include file: 'SFML/Graphics.hpp': No such file or directory
  PerlinNoise.cpp
D:\Perlin-Noise-Terrain-Generation\Perlin Noise Terrain gen\PerlinNoise.h(6,10): fatal  error C1083: Cannot open include file: 'SFML/Graphics.hpp': No such file or directory
  MapManager.cpp
D:\Perlin-Noise-Terrain-Generation\Perlin Noise Terrain gen\PerlinNoise.h(6,10): fatal  error C1083: Cannot open include file: 'SFML/Graphics.hpp': No such file or directory
  RoadManager.cpp
D:\Perlin-Noise-Terrain-Generation\Perlin Noise Terrain gen\LSystem.h(4,10): warning C4067: unexpected tokens following preprocessor directive - expected a newline
D:\Perlin-Noise-Terrain-Generation\Perlin Noise Terrain gen\PerlinNoise.h(6,10): fatal  error C1083: Cannot open include file: 'SFML/Graphics.hpp': No such file or directory
  Variables.cpp
D:\Perlin-Noise-Terrain-Generation\Perlin Noise Terrain gen\Variables.h(6,28): warning C4228: nonstandard extension used: qualifiers after comma in declarator list are ignored
D:\Perlin-Noise-Terrain-Generation\Perlin Noise Terrain gen\Variables.h(7,29): warning C4228: nonstandard extension used: qualifiers after comma in declarator list are ignored
D:\Perlin-Noise-Terrain-Generation\Perlin Noise Terrain gen\Variables.cpp(6,16): warning C4244: 'return': conversion from 'double' to 'float', possible loss of data
